[2025-12-15 13:38:05 [PRODUCTOS-SERVICE] [WARNING] [DB no se puedo crear, verificar]
[2025-12-15 13:38:33 [PRODUCTOS-SERVICE] [INFO] [Se consulto {'name': 'acai', 'description': 'acai', 'price': 10000.0, 'stock': 500, 'id': 2} exitosamente]
[2025-12-15 13:38:39 [PRODUCTOS-SERVICE] [WARNING] [DB no se puedo crear, verificar]
[2025-12-15 13:39:59 [PRODUCTOS-SERVICE] [WARNING] [DB no se puedo crear, verificar]
[2025-12-15 13:40:06 [PRODUCTOS-SERVICE] [WARNING] [DB no se puedo crear, verificar]
[2025-12-15 13:51:33 [PRODUCTOS-SERVICE] [INFO] [Se consulto exitosamente {'name': 'acai', 'description': 'acai', 'price': 10000.0, 'stock': 500, 'id': 2} ]
[2025-12-15 14:11:59 [PRODUCTOS-SERVICE] [INFO] [Se consulto exitosamente {'name': 'helado', 'description': 'sabor frutilla', 'price': 200.0, 'stock': 5, 'id': 1} ]
[2025-12-15 14:12:30 [PRODUCTOS-SERVICE] [INFO] [Se consulto exitosamente {'name': 'helado', 'description': 'sabor frutilla', 'price': 200.0, 'stock': 5, 'id': 1} ]
[2025-12-15 14:15:25 [PRODUCTOS-SERVICE] [INFO] [Se consulto exitosamente {'name': 'helado', 'description': 'sabor frutilla', 'price': 200.0, 'stock': 5, 'id': 1} ]
[2025-12-15 14:18:43 [PRODUCTOS-SERVICE] [INFO] [Se consulto exitosamente {'name': 'helado', 'description': 'sabor frutilla', 'price': 200.0, 'stock': 5, 'id': 1} ]
[2025-12-15 14:19:57 [PRODUCTOS-SERVICE] [INFO] [Se consulto exitosamente {'name': 'helado', 'description': 'sabor frutilla', 'price': 200.0, 'stock': 5, 'id': 1} ]
[2025-12-15 14:26:06 [PRODUCTOS-SERVICE] [INFO] [Se consulto exitosamente {'name': 'helado', 'description': 'sabor frutilla', 'price': 200.0, 'stock': 5, 'id': 1} ]
[2025-12-15 14:27:21 [PRODUCTOS-SERVICE] [INFO] [Se consulto exitosamente {'name': 'helado', 'description': 'sabor frutilla', 'price': 200.0, 'stock': 5, 'id': 1} ]
[2025-12-15 14:30:05 [PRODUCTOS-SERVICE] [INFO] [Se consulto exitosamente {'name': 'helado', 'description': 'sabor frutilla', 'price': 200.0, 'stock': 5, 'id': 1} ]
[2025-12-15 14:31:58 [PRODUCTOS-SERVICE] [INFO] [Se consulto exitosamente {'name': 'helado', 'description': 'sabor frutilla', 'price': 200.0, 'stock': 5, 'id': 1} ]
[2025-12-15 14:38:25 [PRODUCTOS-SERVICE] [INFO] [Se consulto exitosamente {'name': 'helado', 'description': 'sabor frutilla', 'price': 200.0, 'stock': 5, 'id': 1} ]
[2025-12-15 14:39:36 [PRODUCTOS-SERVICE] [INFO] [Se consulto exitosamente {'name': 'helado', 'description': 'sabor frutilla', 'price': 200.0, 'stock': 5, 'id': 1} ]
[2025-12-15 14:43:47 [PRODUCTOS-SERVICE] [INFO] [Se consulto exitosamente {'name': 'helado', 'description': 'sabor frutilla', 'price': 200.0, 'stock': 5, 'id': 1} ]
[2025-12-15 14:46:18 [PRODUCTOS-SERVICE] [INFO] [Se consulto exitosamente {'name': 'helado', 'description': 'sabor frutilla', 'price': 200.0, 'stock': 5, 'id': 1} ]
[2025-12-15 14:48:40 [PRODUCTOS-SERVICE] [INFO] [Se consulto exitosamente {'name': 'helado', 'description': 'sabor frutilla', 'price': 200.0, 'stock': 5, 'id': 1} ]
[2025-12-15 14:50:21 [PRODUCTOS-SERVICE] [INFO] [Se consulto exitosamente {'name': 'acai', 'description': 'acai', 'price': 10000.0, 'stock': 500, 'id': 2} ]
[2025-12-16 11:09:45 [PRODUCTOS-SERVICE] [INFO] [Se consulto exitosamente {'name': 'helado', 'description': 'sabor frutilla', 'price': 200.0, 'stock': 5, 'id': 1} ]
[2025-12-16 11:14:53 [PRODUCTOS-SERVICE] [INFO] [Se consulto exitosamente {'name': 'helado', 'description': 'sabor frutilla', 'price': 200.0, 'stock': 5, 'id': 1} ]
[2025-12-16 11:21:01 [PRODUCTOS-SERVICE] [INFO] [Se consulto exitosamente {'name': 'helado', 'description': 'sabor frutilla', 'price': 200.0, 'stock': 5, 'id': 1} ]
[2025-12-16 11:36:59 [PRODUCTOS-SERVICE] [INFO] [Se consulto exitosamente {'name': 'helado', 'description': 'sabor frutilla', 'price': 200.0, 'stock': 5, 'id': 1} ]
[2025-12-16 11:40:56 [PRODUCTOS-SERVICE] [INFO] [Se consulto exitosamente {'name': 'acai', 'description': 'acai', 'price': 10000.0, 'stock': 500, 'id': 2} ]
[2025-12-16 11:47:05 [PRODUCTOS-SERVICE] [INFO] [Se consulto exitosamente {'name': 'acai', 'description': 'acai', 'price': 10000.0, 'stock': 500, 'id': 2} ]
[2025-12-16 11:52:22 [PRODUCTOS-SERVICE] [INFO] [Se consulto exitosamente {'name': 'acai', 'description': 'acai', 'price': 10000.0, 'stock': 500, 'id': 2} ]
[2025-12-16 11:54:43 [PRODUCTOS-SERVICE] [INFO] [Se consulto exitosamente {'name': 'acai', 'description': 'acai', 'price': 10000.0, 'stock': 500, 'id': 2} ]
[2025-12-16 11:58:42 [PRODUCTOS-SERVICE] [INFO] [Se consulto exitosamente {'name': 'acai', 'description': 'acai', 'price': 10000.0, 'stock': 500, 'id': 2} ]
[2025-12-16 12:02:58 [PRODUCTOS-SERVICE] [INFO] [Se consulto exitosamente {'name': 'acai', 'description': 'acai', 'price': 10000.0, 'stock': 500, 'id': 2} ]
[2025-12-16 12:12:37 [PRODUCTOS-SERVICE] [INFO] [Se consulto exitosamente {'name': 'acai', 'description': 'acai', 'price': 10000.0, 'stock': 500, 'id': 2} ]
[2025-12-16 12:13:57 [PRODUCTOS-SERVICE] [INFO] [Se consulto exitosamente {'name': 'acai', 'description': 'acai', 'price': 10000.0, 'stock': 500, 'id': 2} ]
[2025-12-16 12:17:03 [PRODUCTOS-SERVICE] [INFO] [Se consulto exitosamente {'name': 'acai', 'description': 'acai', 'price': 10000.0, 'stock': 500, 'id': 2} ]
[2025-12-16 12:21:36 [PRODUCTOS-SERVICE] [INFO] [Se consulto exitosamente {'name': 'acai', 'description': 'acai', 'price': 10000.0, 'stock': 500, 'id': 2} ]
[2025-12-16 13:39:33 [PRODUCTOS-SERVICE] [INFO] [Se consulto exitosamente {'name': 'helado', 'description': 'sabor frutilla', 'price': 200.0, 'stock': 5, 'id': 1} ]
[2025-12-16 13:49:55 [PRODUCTOS-SERVICE] [INFO] [Se consulto exitosamente {'name': 'helado', 'description': 'sabor frutilla', 'price': 200.0, 'stock': 5, 'id': 1} ]
[2025-12-16 13:52:09 [PRODUCTOS-SERVICE] [INFO] [Se consulto exitosamente {'name': 'helado', 'description': 'sabor frutilla', 'price': 200.0, 'stock': 5, 'id': 1} ]
[2025-12-16 14:05:23 [PRODUCTOS-SERVICE] [INFO] [Se consulto exitosamente {'name': 'helado', 'description': 'sabor frutilla', 'price': 200.0, 'stock': 5, 'id': 1} ]
[2025-12-16 14:12:25 [PRODUCTOS-SERVICE] [INFO] [Se consulto exitosamente {'name': 'helado', 'description': 'sabor frutilla', 'price': 200.0, 'stock': 5, 'id': 1} ]
[2025-12-16 14:40:25 [PRODUCTOS-SERVICE] [INFO] [Se consulto exitosamente {'name': 'acai', 'description': 'acai', 'price': 10000.0, 'stock': 500, 'id': 2} ]
[2025-12-16 14:42:14 [PRODUCTOS-SERVICE] [WARNING] [⚠️ Fallo de conexión (CB contando): ConnectError: All connection attempts failed]
[2025-12-16 14:43:25 [PRODUCTOS-SERVICE] [WARNING] [⚠️ Fallo de conexión (CB contando): ConnectError: All connection attempts failed]
[2025-12-16 14:44:14 [PRODUCTOS-SERVICE] [ERROR] [✅ Circuit Breaker ABIERTO (OPEN). Evitando llamada al servicio de Inventario.]
[2025-12-16 14:45:36 [PRODUCTOS-SERVICE] [ERROR] [✅ Circuit Breaker ABIERTO (OPEN). Evitando llamada al servicio de Inventario.]
[2025-12-16 14:46:18 [PRODUCTOS-SERVICE] [ERROR] [✅ Circuit Breaker ABIERTO (OPEN). Evitando llamada al servicio de Inventario.]
