[2025-12-15 14:11:20 [PEDIDOS-SERVICE] [INFO] [Iniciando creación de pedido para Producto 1 x 5]
[2025-12-15 14:11:54 [PEDIDOS-SERVICE] [INFO] [Iniciando creación de pedido para Producto 1 x 5]
[2025-12-15 14:14:48 [PEDIDOS-SERVICE] [INFO] [Iniciando creación de pedido para Producto 1 x 5]
[2025-12-15 14:18:07 [PEDIDOS-SERVICE] [INFO] [Iniciando creación de pedido para Producto 1 x 5]
[2025-12-15 14:19:16 [PEDIDOS-SERVICE] [INFO] [Iniciando creación de pedido para Producto 1 x 5]
[2025-12-15 14:24:57 [PEDIDOS-SERVICE] [INFO] [Iniciando creación de pedido para Producto 1 x 5]
[2025-12-15 14:25:29 [PEDIDOS-SERVICE] [INFO] [Iniciando creación de pedido para Producto 1 x 5]
[2025-12-15 14:26:40 [PEDIDOS-SERVICE] [INFO] [Iniciando creación de pedido para Producto 1 x 5]
[2025-12-15 14:29:24 [PEDIDOS-SERVICE] [INFO] [Iniciando creación de pedido para Producto 1 x 5]
[2025-12-15 14:31:11 [PEDIDOS-SERVICE] [INFO] [Iniciando creación de pedido para Producto 1 x 5]
[2025-12-15 14:37:48 [PEDIDOS-SERVICE] [INFO] [Iniciando creación de pedido para Producto 1 x 5]
[2025-12-15 14:38:55 [PEDIDOS-SERVICE] [INFO] [Iniciando creación de pedido para Producto 1 x 5]
[2025-12-15 14:43:07 [PEDIDOS-SERVICE] [INFO] [Iniciando creación de pedido para Producto 1 x 5]
[2025-12-15 14:43:47 [PEDIDOS-SERVICE] [INFO] [Producto  verificado]
[2025-12-15 14:45:37 [PEDIDOS-SERVICE] [INFO] [Iniciando creación de pedido para Producto 1 x 5]
[2025-12-15 14:46:18 [PEDIDOS-SERVICE] [INFO] [Producto  verificado]
[2025-12-15 14:46:18 [PEDIDOS-SERVICE] [INFO] [Pedido 1 creado con éxito.]
[2025-12-15 14:48:05 [PEDIDOS-SERVICE] [INFO] [Iniciando creación de pedido para Producto 1 x 5]
[2025-12-15 14:48:40 [PEDIDOS-SERVICE] [INFO] [Producto  verificado]
[2025-12-15 14:48:40 [PEDIDOS-SERVICE] [INFO] [Pedido 2 creado con éxito.]
[2025-12-15 14:49:40 [PEDIDOS-SERVICE] [INFO] [Iniciando creación de pedido para Producto 2 x 3]
[2025-12-15 14:50:21 [PEDIDOS-SERVICE] [INFO] [Producto  verificado]
[2025-12-15 14:50:21 [PEDIDOS-SERVICE] [INFO] [Pedido 3 creado con éxito.]
[2025-12-16 11:46:31 [PEDIDOS-SERVICE] [INFO] [Iniciando creación de pedido para Producto 2 x 200]
[2025-12-16 11:46:53 [PEDIDOS-SERVICE] [WARNING] [⚠️ Fallo de conexión (CB contando): ReadTimeout: ]
[2025-12-16 11:51:47 [PEDIDOS-SERVICE] [INFO] [Iniciando creación de pedido para Producto 2 x 200]
[2025-12-16 11:52:10 [PEDIDOS-SERVICE] [WARNING] [⚠️ Fallo de conexión (CB contando): ReadTimeout: ]
[2025-12-16 11:54:06 [PEDIDOS-SERVICE] [INFO] [Iniciando creación de pedido para Producto 2 x 200]
[2025-12-16 11:54:29 [PEDIDOS-SERVICE] [WARNING] [⚠️ Fallo de conexión (CB contando): ReadTimeout: ]
[2025-12-16 11:58:05 [PEDIDOS-SERVICE] [INFO] [Iniciando creación de pedido para Producto 2 x 200]
[2025-12-16 11:58:28 [PEDIDOS-SERVICE] [WARNING] [⚠️ Fallo de conexión (CB contando): ReadTimeout: ]
[2025-12-16 12:12:03 [PEDIDOS-SERVICE] [INFO] [Iniciando creación de pedido para Producto 2 x 200]
[2025-12-16 12:12:30 [PEDIDOS-SERVICE] [WARNING] [⚠️ Fallo de conexión (CB contando): ReadTimeout: ]
[2025-12-16 12:13:20 [PEDIDOS-SERVICE] [INFO] [Iniciando creación de pedido para Producto 2 x 200]
[2025-12-16 12:13:53 [PEDIDOS-SERVICE] [WARNING] [⚠️ Fallo de conexión (CB contando): ReadTimeout: ]
[2025-12-16 12:16:29 [PEDIDOS-SERVICE] [INFO] [Iniciando creación de pedido para Producto 2 x 200]
[2025-12-16 12:17:01 [PEDIDOS-SERVICE] [WARNING] [⚠️ Fallo de conexión (CB contando): ReadTimeout: ]
[2025-12-16 12:21:00 [PEDIDOS-SERVICE] [INFO] [Iniciando creación de pedido para Producto 2 x 200]
[2025-12-16 12:21:36 [PEDIDOS-SERVICE] [INFO] [Producto  verificado{'name': 'acai', 'description': 'acai', 'price': 10000.0, 'stock': 500, 'id': 2}]
[2025-12-16 12:21:37 [PEDIDOS-SERVICE] [INFO] [Pedido 4 creado con éxito.]
[2025-12-16 13:49:18 [PEDIDOS-SERVICE] [INFO] [Iniciando creación de pedido para Producto 1 x 777]
[2025-12-16 13:49:41 [PEDIDOS-SERVICE] [WARNING] [⚠️ Fallo de conexión (CB contando): ReadTimeout: ]
[2025-12-16 13:51:35 [PEDIDOS-SERVICE] [INFO] [Iniciando creación de pedido para Producto 1 x 777]
[2025-12-16 13:52:09 [PEDIDOS-SERVICE] [INFO] [Producto  verificado{'name': 'helado', 'description': 'sabor frutilla', 'price': 200.0, 'stock': 5, 'id': 1}]
[2025-12-16 13:52:09 [PEDIDOS-SERVICE] [INFO] [Pedido 5 creado con éxito.]
[2025-12-16 13:53:11 [PEDIDOS-SERVICE] [INFO] [Iniciando creación de pedido para Producto 1 x 777]
[2025-12-16 14:04:07 [PEDIDOS-SERVICE] [INFO] [Iniciando creación de pedido para Producto 1 x 777]
[2025-12-16 14:04:47 [PEDIDOS-SERVICE] [INFO] [Iniciando creación de pedido para Producto 1 x 777]
[2025-12-16 14:05:23 [PEDIDOS-SERVICE] [INFO] [Producto  verificado{'name': 'helado', 'description': 'sabor frutilla', 'price': 200.0, 'stock': 5, 'id': 1}]
[2025-12-16 14:05:23 [PEDIDOS-SERVICE] [INFO] [Pedido 6 creado con éxito.]
[2025-12-16 14:09:38 [PEDIDOS-SERVICE] [INFO] [Iniciando creación de pedido para Producto 1 x 777]
[2025-12-16 14:11:47 [PEDIDOS-SERVICE] [INFO] [Iniciando creación de pedido para Producto 1 x 777]
[2025-12-16 14:12:25 [PEDIDOS-SERVICE] [INFO] [Producto  verificado{'name': 'helado', 'description': 'sabor frutilla', 'price': 200.0, 'stock': 5, 'id': 1}]
[2025-12-16 14:12:25 [PEDIDOS-SERVICE] [INFO] [Pedido 7 creado con éxito.]
[2025-12-16 14:39:48 [PEDIDOS-SERVICE] [INFO] [Iniciando creación de pedido para Producto 2 x 111]
[2025-12-16 14:40:25 [PEDIDOS-SERVICE] [INFO] [Producto  verificado{'name': 'acai', 'description': 'acai', 'price': 10000.0, 'stock': 500, 'id': 2}]
[2025-12-16 14:40:25 [PEDIDOS-SERVICE] [INFO] [Pedido 8 creado con éxito.]
[2025-12-16 14:40:42 [PEDIDOS-SERVICE] [INFO] [Iniciando creación de pedido para Producto 2 x 111]
[2025-12-16 14:41:02 [PEDIDOS-SERVICE] [WARNING] [⚠️ Fallo de conexión (CB contando): ConnectError: All connection attempts failed]
[2025-12-16 14:41:37 [PEDIDOS-SERVICE] [INFO] [Iniciando creación de pedido para Producto 2 x 111]
[2025-12-16 14:42:47 [PEDIDOS-SERVICE] [INFO] [Iniciando creación de pedido para Producto 2 x 111]
[2025-12-16 14:43:38 [PEDIDOS-SERVICE] [INFO] [Iniciando creación de pedido para Producto 2 x 111]
[2025-12-16 14:45:02 [PEDIDOS-SERVICE] [INFO] [Iniciando creación de pedido para Producto 2 x 111]
[2025-12-16 14:45:44 [PEDIDOS-SERVICE] [INFO] [Iniciando creación de pedido para Producto 2 x 111]
